
Showing logs for build [32mcb-kubecd-environment-pr-102-78-g2lhk-1[0m stage [32mfrom-build-pack[0m and container [32mstep-credential-initializer-skl6b[0m
{"level":"warn","ts":1576597773.9910896,"logger":"fallback-logger","caller":"logging/config.go:69","msg":"Fetch GitHub commit ID from kodata failed: \"ref: refs/heads/master\" is not a valid GitHub commit ID"}
{"level":"info","ts":1576597773.9920676,"logger":"fallback-logger","caller":"creds-init/main.go:40","msg":"Credentials initialized."}

Showing logs for build [32mcb-kubecd-environment-pr-102-78-g2lhk-1[0m stage [32mfrom-build-pack[0m and container [32mstep-working-dir-initializer-mhmxv[0m
{"level":"warn","ts":1576597775.267439,"logger":"fallback-logger","caller":"logging/config.go:69","msg":"Fetch GitHub commit ID from kodata failed: open /var/run/ko/HEAD: no such file or directory"}
{"level":"info","ts":1576597775.2688394,"logger":"fallback-logger","caller":"bash/main.go:65","msg":"Successfully executed command \"mkdir -p /workspace/source\""}

Showing logs for build [32mcb-kubecd-environment-pr-102-78-g2lhk-1[0m stage [32mfrom-build-pack[0m and container [32mstep-place-tools[0m

Showing logs for build [32mcb-kubecd-environment-pr-102-78-g2lhk-1[0m stage [32mfrom-build-pack[0m and container [32mstep-git-source-cb-kubecd-environment-pr-102-78-pcjrg[0m
{"level":"warn","ts":1576597806.4314237,"logger":"fallback-logger","caller":"logging/config.go:69","msg":"Fetch GitHub commit ID from kodata failed: \"ref: refs/heads/master\" is not a valid GitHub commit ID"}
{"level":"info","ts":1576597807.6890924,"logger":"fallback-logger","caller":"git/git.go:102","msg":"Successfully cloned https://github.com/cb-kubecd/environment-pr-102-78-boot-gke-staging.git @ master in path /workspace/source"}

Showing logs for build [32mcb-kubecd-environment-pr-102-78-g2lhk-1[0m stage [32mfrom-build-pack[0m and container [32mstep-git-merge[0m
Using SHAs from PULL_REFS=master:3ada035f06579ef464232ddb9458eec87cbc1540,2:d2282554807ef080ac9911ca025b96f5a6f496c3
DEBUG: ran git fetch --unshallow origin d2282554807ef080ac9911ca025b96f5a6f496c3: 3ada035f06579ef464232ddb9458eec87cbc1540: in 
DEBUG: ran git checkout master in 
DEBUG: ran git reset --hard 3ada035f06579ef464232ddb9458eec87cbc1540 in 
DEBUG: ran clean --force -d . in 
DEBUG: ran git merge d2282554807ef080ac9911ca025b96f5a6f496c3 in 
Merged SHA d2282554807ef080ac9911ca025b96f5a6f496c3 with commit message 'chore: Promote bdd-gh-1576597499 to version 0.0.1' into base branch master

Showing logs for build [32mcb-kubecd-environment-pr-102-78-g2lhk-1[0m stage [32mfrom-build-pack[0m and container [32mstep-build-helm-build[0m
WARNING: No $CHART_REPOSITORY defined so using the default value of: http://jenkins-x-chartmuseum:8080
Adding missing Helm repo: storage.googleapis.com https://storage.googleapis.com/chartmuseum.jenkins-x.io
Read credentials for https://storage.googleapis.com/chartmuseum.jenkins-x.io from vault helm/repos
Successfully added Helm repository storage.googleapis.com.
Adding missing Helm repo: jenkins-x-chartmuseum http://jenkins-x-chartmuseum:8080
Read credentials for http://jenkins-x-chartmuseum:8080 from vault helm/repos
Successfully added Helm repository jenkins-x-chartmuseum.
WARNING: No $CHART_REPOSITORY defined so using the default value of: http://jenkins-x-chartmuseum:8080
Adding missing Helm repo: chartmuseum.jenkins-x.io http://chartmuseum.jenkins-x.io
Read credentials for http://chartmuseum.jenkins-x.io from vault helm/repos
Successfully added Helm repository chartmuseum.jenkins-x.io.
