
Showing logs for build [32mcb-kubecd-environment-pr-102-78-9mlv2-1[0m stage [32mfrom-build-pack[0m and container [32mstep-credential-initializer-7x276[0m
{"level":"warn","ts":1576596739.5456095,"logger":"fallback-logger","caller":"logging/config.go:69","msg":"Fetch GitHub commit ID from kodata failed: \"ref: refs/heads/master\" is not a valid GitHub commit ID"}
{"level":"info","ts":1576596739.5464966,"logger":"fallback-logger","caller":"creds-init/main.go:40","msg":"Credentials initialized."}

Showing logs for build [32mcb-kubecd-environment-pr-102-78-9mlv2-1[0m stage [32mfrom-build-pack[0m and container [32mstep-working-dir-initializer-wjxzh[0m
{"level":"warn","ts":1576596741.0648603,"logger":"fallback-logger","caller":"logging/config.go:69","msg":"Fetch GitHub commit ID from kodata failed: open /var/run/ko/HEAD: no such file or directory"}
{"level":"info","ts":1576596741.0699944,"logger":"fallback-logger","caller":"bash/main.go:65","msg":"Successfully executed command \"mkdir -p /workspace/source\""}

Showing logs for build [32mcb-kubecd-environment-pr-102-78-9mlv2-1[0m stage [32mfrom-build-pack[0m and container [32mstep-place-tools[0m

Showing logs for build [32mcb-kubecd-environment-pr-102-78-9mlv2-1[0m stage [32mfrom-build-pack[0m and container [32mstep-git-source-cb-kubecd-environment-pr-102-78-v6hwq[0m
{"level":"warn","ts":1576596747.1337185,"logger":"fallback-logger","caller":"logging/config.go:69","msg":"Fetch GitHub commit ID from kodata failed: \"ref: refs/heads/master\" is not a valid GitHub commit ID"}
{"level":"info","ts":1576596748.3646374,"logger":"fallback-logger","caller":"git/git.go:102","msg":"Successfully cloned https://github.com/cb-kubecd/environment-pr-102-78-boot-gke-staging.git @ master in path /workspace/source"}

Showing logs for build [32mcb-kubecd-environment-pr-102-78-9mlv2-1[0m stage [32mfrom-build-pack[0m and container [32mstep-git-merge[0m
Using SHAs from PULL_REFS=master:8b366e21061ee8e16c066c2ede99b5d2507eb564,1:b3ba772b539c5b7096a6edb9ce1fd568d88d3db2
DEBUG: ran git fetch --unshallow origin b3ba772b539c5b7096a6edb9ce1fd568d88d3db2: 8b366e21061ee8e16c066c2ede99b5d2507eb564: in 
DEBUG: ran git checkout master in 
DEBUG: ran git reset --hard 8b366e21061ee8e16c066c2ede99b5d2507eb564 in 
DEBUG: ran clean --force -d . in 
DEBUG: ran git merge b3ba772b539c5b7096a6edb9ce1fd568d88d3db2 in 
Merged SHA b3ba772b539c5b7096a6edb9ce1fd568d88d3db2 with commit message 'chore: Promote bdd-spring-1576596368 to version 0.0.1' into base branch master

Showing logs for build [32mcb-kubecd-environment-pr-102-78-9mlv2-1[0m stage [32mfrom-build-pack[0m and container [32mstep-build-helm-build[0m
WARNING: No $CHART_REPOSITORY defined so using the default value of: http://jenkins-x-chartmuseum:8080
Adding missing Helm repo: storage.googleapis.com https://storage.googleapis.com/chartmuseum.jenkins-x.io
Read credentials for https://storage.googleapis.com/chartmuseum.jenkins-x.io from vault helm/repos
Successfully added Helm repository storage.googleapis.com.
Adding missing Helm repo: jenkins-x-chartmuseum http://jenkins-x-chartmuseum:8080
Read credentials for http://jenkins-x-chartmuseum:8080 from vault helm/repos
Successfully added Helm repository jenkins-x-chartmuseum.
WARNING: No $CHART_REPOSITORY defined so using the default value of: http://jenkins-x-chartmuseum:8080
Adding missing Helm repo: chartmuseum.jenkins-x.io http://chartmuseum.jenkins-x.io
Read credentials for http://chartmuseum.jenkins-x.io from vault helm/repos
Successfully added Helm repository chartmuseum.jenkins-x.io.
