
Showing logs for build [32mcb-kubecd-environment-pr-102-78-gp5f6-1[0m stage [32mfrom-build-pack[0m and container [32mstep-credential-initializer-45bft[0m
{"level":"warn","ts":1576601467.3685694,"logger":"fallback-logger","caller":"logging/config.go:69","msg":"Fetch GitHub commit ID from kodata failed: \"ref: refs/heads/master\" is not a valid GitHub commit ID"}
{"level":"info","ts":1576601467.3697455,"logger":"fallback-logger","caller":"creds-init/main.go:40","msg":"Credentials initialized."}

Showing logs for build [32mcb-kubecd-environment-pr-102-78-gp5f6-1[0m stage [32mfrom-build-pack[0m and container [32mstep-working-dir-initializer-pw6g5[0m
{"level":"warn","ts":1576601468.8118916,"logger":"fallback-logger","caller":"logging/config.go:69","msg":"Fetch GitHub commit ID from kodata failed: open /var/run/ko/HEAD: no such file or directory"}
{"level":"info","ts":1576601468.8133078,"logger":"fallback-logger","caller":"bash/main.go:65","msg":"Successfully executed command \"mkdir -p /workspace/source\""}

Showing logs for build [32mcb-kubecd-environment-pr-102-78-gp5f6-1[0m stage [32mfrom-build-pack[0m and container [32mstep-place-tools[0m

Showing logs for build [32mcb-kubecd-environment-pr-102-78-gp5f6-1[0m stage [32mfrom-build-pack[0m and container [32mstep-git-source-cb-kubecd-environment-pr-102-78-8mgc9[0m
{"level":"warn","ts":1576601474.9070938,"logger":"fallback-logger","caller":"logging/config.go:69","msg":"Fetch GitHub commit ID from kodata failed: \"ref: refs/heads/master\" is not a valid GitHub commit ID"}
{"level":"info","ts":1576601476.0400224,"logger":"fallback-logger","caller":"git/git.go:102","msg":"Successfully cloned https://github.com/cb-kubecd/environment-pr-102-78-boot-gke-staging.git @ master in path /workspace/source"}

Showing logs for build [32mcb-kubecd-environment-pr-102-78-gp5f6-1[0m stage [32mfrom-build-pack[0m and container [32mstep-git-merge[0m
Using SHAs from PULL_REFS=master:394ec1d37519e6fd5f5192073d1fe18ee2465faf,8:352c02404cd44eb841f12f3b2a127099cd587136
DEBUG: ran git fetch --unshallow origin 352c02404cd44eb841f12f3b2a127099cd587136: 394ec1d37519e6fd5f5192073d1fe18ee2465faf: in 
DEBUG: ran git checkout master in 
DEBUG: ran git reset --hard 394ec1d37519e6fd5f5192073d1fe18ee2465faf in 
DEBUG: ran clean --force -d . in 
DEBUG: ran git merge 352c02404cd44eb841f12f3b2a127099cd587136 in 
Merged SHA 352c02404cd44eb841f12f3b2a127099cd587136 with commit message 'chore: Promote bdd-sbrp-import-1576599668 to version 0.0.1' into base branch master

Showing logs for build [32mcb-kubecd-environment-pr-102-78-gp5f6-1[0m stage [32mfrom-build-pack[0m and container [32mstep-build-helm-build[0m
WARNING: No $CHART_REPOSITORY defined so using the default value of: http://jenkins-x-chartmuseum:8080
Adding missing Helm repo: storage.googleapis.com https://storage.googleapis.com/chartmuseum.jenkins-x.io
Read credentials for https://storage.googleapis.com/chartmuseum.jenkins-x.io from vault helm/repos
Successfully added Helm repository storage.googleapis.com.
Adding missing Helm repo: jenkins-x-chartmuseum http://jenkins-x-chartmuseum:8080
Read credentials for http://jenkins-x-chartmuseum:8080 from vault helm/repos
Successfully added Helm repository jenkins-x-chartmuseum.
WARNING: No $CHART_REPOSITORY defined so using the default value of: http://jenkins-x-chartmuseum:8080
Adding missing Helm repo: chartmuseum.jenkins-x.io http://chartmuseum.jenkins-x.io
Read credentials for http://chartmuseum.jenkins-x.io from vault helm/repos
Successfully added Helm repository chartmuseum.jenkins-x.io.
