
Showing logs for build [32mcb-kubecd-environment-pr-102-78-8mbtb-1[0m stage [32mfrom-build-pack[0m and container [32mstep-credential-initializer-twg6c[0m
{"level":"warn","ts":1576599849.7616282,"logger":"fallback-logger","caller":"logging/config.go:69","msg":"Fetch GitHub commit ID from kodata failed: \"ref: refs/heads/master\" is not a valid GitHub commit ID"}
{"level":"info","ts":1576599849.7623303,"logger":"fallback-logger","caller":"creds-init/main.go:40","msg":"Credentials initialized."}

Showing logs for build [32mcb-kubecd-environment-pr-102-78-8mbtb-1[0m stage [32mfrom-build-pack[0m and container [32mstep-working-dir-initializer-557sp[0m
{"level":"warn","ts":1576599851.075575,"logger":"fallback-logger","caller":"logging/config.go:69","msg":"Fetch GitHub commit ID from kodata failed: open /var/run/ko/HEAD: no such file or directory"}
{"level":"info","ts":1576599851.0772357,"logger":"fallback-logger","caller":"bash/main.go:65","msg":"Successfully executed command \"mkdir -p /workspace/source\""}

Showing logs for build [32mcb-kubecd-environment-pr-102-78-8mbtb-1[0m stage [32mfrom-build-pack[0m and container [32mstep-place-tools[0m

Showing logs for build [32mcb-kubecd-environment-pr-102-78-8mbtb-1[0m stage [32mfrom-build-pack[0m and container [32mstep-git-source-cb-kubecd-environment-pr-102-78-dfzmb[0m
{"level":"warn","ts":1576599857.2989905,"logger":"fallback-logger","caller":"logging/config.go:69","msg":"Fetch GitHub commit ID from kodata failed: \"ref: refs/heads/master\" is not a valid GitHub commit ID"}
{"level":"info","ts":1576599858.4581027,"logger":"fallback-logger","caller":"git/git.go:102","msg":"Successfully cloned https://github.com/cb-kubecd/environment-pr-102-78-boot-gke-staging.git @ master in path /workspace/source"}

Showing logs for build [32mcb-kubecd-environment-pr-102-78-8mbtb-1[0m stage [32mfrom-build-pack[0m and container [32mstep-git-merge[0m
Using SHAs from PULL_REFS=master:e46cff046307139a9e1791e29bd9cea35bcecf5d,5:a24cf69ed6d4ed650075aca3b06089227f442330
DEBUG: ran git fetch --unshallow origin a24cf69ed6d4ed650075aca3b06089227f442330: e46cff046307139a9e1791e29bd9cea35bcecf5d: in 
DEBUG: ran git checkout master in 
DEBUG: ran git reset --hard e46cff046307139a9e1791e29bd9cea35bcecf5d in 
DEBUG: ran clean --force -d . in 
DEBUG: ran git merge a24cf69ed6d4ed650075aca3b06089227f442330 in 
Merged SHA a24cf69ed6d4ed650075aca3b06089227f442330 with commit message 'chore: Promote bdd-ghf**y-import-1576599668 to version 0.0.1' into base branch master

Showing logs for build [32mcb-kubecd-environment-pr-102-78-8mbtb-1[0m stage [32mfrom-build-pack[0m and container [32mstep-build-helm-build[0m
WARNING: No $CHART_REPOSITORY defined so using the default value of: http://jenkins-x-chartmuseum:8080
Adding missing Helm repo: storage.googleapis.com https://storage.googleapis.com/chartmuseum.jenkins-x.io
Read credentials for https://storage.googleapis.com/chartmuseum.jenkins-x.io from vault helm/repos
Successfully added Helm repository storage.googleapis.com.
Adding missing Helm repo: jenkins-x-chartmuseum http://jenkins-x-chartmuseum:8080
Read credentials for http://jenkins-x-chartmuseum:8080 from vault helm/repos
Successfully added Helm repository jenkins-x-chartmuseum.
WARNING: No $CHART_REPOSITORY defined so using the default value of: http://jenkins-x-chartmuseum:8080
Adding missing Helm repo: chartmuseum.jenkins-x.io http://chartmuseum.jenkins-x.io
Read credentials for http://chartmuseum.jenkins-x.io from vault helm/repos
Successfully added Helm repository chartmuseum.jenkins-x.io.
