
Showing logs for build [32mcb-kubecd-environment-pr-102-78-26ss7-1[0m stage [32mfrom-build-pack[0m and container [32mstep-credential-initializer-hv47j[0m
{"level":"warn","ts":1576599225.4237826,"logger":"fallback-logger","caller":"logging/config.go:69","msg":"Fetch GitHub commit ID from kodata failed: \"ref: refs/heads/master\" is not a valid GitHub commit ID"}
{"level":"info","ts":1576599225.4252937,"logger":"fallback-logger","caller":"creds-init/main.go:40","msg":"Credentials initialized."}

Showing logs for build [32mcb-kubecd-environment-pr-102-78-26ss7-1[0m stage [32mfrom-build-pack[0m and container [32mstep-working-dir-initializer-x2lt8[0m
{"level":"warn","ts":1576599226.9519083,"logger":"fallback-logger","caller":"logging/config.go:69","msg":"Fetch GitHub commit ID from kodata failed: open /var/run/ko/HEAD: no such file or directory"}
{"level":"info","ts":1576599226.9899392,"logger":"fallback-logger","caller":"bash/main.go:65","msg":"Successfully executed command \"mkdir -p /workspace/source\""}

Showing logs for build [32mcb-kubecd-environment-pr-102-78-26ss7-1[0m stage [32mfrom-build-pack[0m and container [32mstep-place-tools[0m

Showing logs for build [32mcb-kubecd-environment-pr-102-78-26ss7-1[0m stage [32mfrom-build-pack[0m and container [32mstep-git-source-cb-kubecd-environment-pr-102-78-gxl5l[0m
{"level":"warn","ts":1576599230.582,"logger":"fallback-logger","caller":"logging/config.go:69","msg":"Fetch GitHub commit ID from kodata failed: \"ref: refs/heads/master\" is not a valid GitHub commit ID"}
{"level":"info","ts":1576599231.7724397,"logger":"fallback-logger","caller":"git/git.go:102","msg":"Successfully cloned https://github.com/cb-kubecd/environment-pr-102-78-boot-gke-staging.git @ master in path /workspace/source"}

Showing logs for build [32mcb-kubecd-environment-pr-102-78-26ss7-1[0m stage [32mfrom-build-pack[0m and container [32mstep-git-merge[0m
Using SHAs from PULL_REFS=master:ac0ddcaf7f7e4d94b688079bc48927f1d18499e0,4:2342f04eabc51b2d9ef445d697dd4e84813db984
DEBUG: ran git fetch --unshallow origin 2342f04eabc51b2d9ef445d697dd4e84813db984: ac0ddcaf7f7e4d94b688079bc48927f1d18499e0: in 
DEBUG: ran git checkout master in 
DEBUG: ran git reset --hard ac0ddcaf7f7e4d94b688079bc48927f1d18499e0 in 
DEBUG: ran clean --force -d . in 
DEBUG: ran git merge 2342f04eabc51b2d9ef445d697dd4e84813db984 in 
Merged SHA 2342f04eabc51b2d9ef445d697dd4e84813db984 with commit message 'chore: Promote bdd-nh-1576597499 to version 0.0.1' into base branch master

Showing logs for build [32mcb-kubecd-environment-pr-102-78-26ss7-1[0m stage [32mfrom-build-pack[0m and container [32mstep-build-helm-build[0m
WARNING: No $CHART_REPOSITORY defined so using the default value of: http://jenkins-x-chartmuseum:8080
Adding missing Helm repo: storage.googleapis.com https://storage.googleapis.com/chartmuseum.jenkins-x.io
Read credentials for https://storage.googleapis.com/chartmuseum.jenkins-x.io from vault helm/repos
Successfully added Helm repository storage.googleapis.com.
Adding missing Helm repo: jenkins-x-chartmuseum http://jenkins-x-chartmuseum:8080
Read credentials for http://jenkins-x-chartmuseum:8080 from vault helm/repos
Successfully added Helm repository jenkins-x-chartmuseum.
WARNING: No $CHART_REPOSITORY defined so using the default value of: http://jenkins-x-chartmuseum:8080
Adding missing Helm repo: chartmuseum.jenkins-x.io http://chartmuseum.jenkins-x.io
Read credentials for http://chartmuseum.jenkins-x.io from vault helm/repos
Successfully added Helm repository chartmuseum.jenkins-x.io.
